INFO [acme.Launcher] Starting Launcher using Java 1.8.0_281 on jvega-PC with PID 16656 (C:\Users\jvega\Workspace-21.1\Projects\Acme-Planner\target\classes started by jvega in C:\Users\jvega\Workspace-21.1\Projects\Acme-Planner)
INFO [acme.Launcher] The following profiles are active: development,populator
INFO [acme.Launcher] Started Launcher in 13.22 seconds (JVM running for 14.346)
INFO [acme.framework.utilities.DatabasePopulator] Populating initial data
INFO [acme.framework.utilities.DatabasePopulator] Recreating schema
INFO [acme.framework.utilities.DatabasePopulator] Populating entities from classpath:/WEB-INF/population/initial-data.xml
INFO [acme.framework.utilities.DatabasePopulator] Validating your entities.
INFO [acme.framework.utilities.DatabasePopulator] Validating anonymousUserAccount ... PASS
INFO [acme.framework.utilities.DatabasePopulator] Validating anonymousAnonymous ... PASS
INFO [acme.framework.utilities.DatabasePopulator] Validating administratorUserAccount ... PASS
INFO [acme.framework.utilities.DatabasePopulator] Validating administratorAdministrator ... PASS
INFO [acme.framework.utilities.DatabasePopulator] Validating administratorAuthenticated ... PASS
INFO [acme.framework.utilities.DatabasePopulator] Validating spam1 ... PASS
INFO [acme.framework.utilities.DatabasePopulator] Validating word1 ... PASS
INFO [acme.framework.utilities.DatabasePopulator] Validating word2 ... PASS
INFO [acme.framework.utilities.DatabasePopulator] Validating word3 ... PASS
INFO [acme.framework.utilities.DatabasePopulator] Validating word4 ... PASS
INFO [acme.framework.utilities.DatabasePopulator] Validating word5 ... PASS
INFO [acme.framework.utilities.DatabasePopulator] Validating word6 ... PASS
INFO [acme.framework.utilities.DatabasePopulator] Validating word7 ... PASS
INFO [acme.framework.utilities.DatabasePopulator] Validating word8 ... PASS
INFO [acme.framework.utilities.DatabasePopulator] Validating word9 ... PASS
INFO [acme.framework.utilities.DatabasePopulator] Validating word10 ... PASS
INFO [acme.framework.utilities.DatabasePopulator] Validating word11 ... PASS
INFO [acme.framework.utilities.DatabasePopulator] Validating word12 ... PASS
INFO [acme.framework.utilities.DatabasePopulator] Sorting your entities topologically.
INFO [acme.framework.utilities.DatabasePopulator] > Setting index 0 for anonymousUserAccount.
INFO [acme.framework.utilities.DatabasePopulator] > Setting index 1 for anonymousAnonymous.
INFO [acme.framework.utilities.DatabasePopulator] > Setting index 2 for administratorUserAccount.
INFO [acme.framework.utilities.DatabasePopulator] > Setting index 3 for administratorAdministrator.
INFO [acme.framework.utilities.DatabasePopulator] > Setting index 4 for administratorAuthenticated.
INFO [acme.framework.utilities.DatabasePopulator] > Setting index 5 for spam1.
INFO [acme.framework.utilities.DatabasePopulator] > Setting index 6 for word1.
INFO [acme.framework.utilities.DatabasePopulator] > Setting index 7 for word2.
INFO [acme.framework.utilities.DatabasePopulator] > Setting index 8 for word3.
INFO [acme.framework.utilities.DatabasePopulator] > Setting index 9 for word4.
INFO [acme.framework.utilities.DatabasePopulator] > Setting index 10 for word5.
INFO [acme.framework.utilities.DatabasePopulator] > Setting index 11 for word6.
INFO [acme.framework.utilities.DatabasePopulator] > Setting index 12 for word7.
INFO [acme.framework.utilities.DatabasePopulator] > Setting index 13 for word8.
INFO [acme.framework.utilities.DatabasePopulator] > Setting index 14 for word9.
INFO [acme.framework.utilities.DatabasePopulator] > Setting index 15 for word10.
INFO [acme.framework.utilities.DatabasePopulator] > Setting index 16 for word11.
INFO [acme.framework.utilities.DatabasePopulator] > Setting index 17 for word12.
INFO [acme.framework.utilities.DatabasePopulator] Persiting your entities.
INFO [acme.framework.utilities.DatabasePopulator] > Persisting anonymousUserAccount = acme.framework.entities.UserAccount{id=1, version=0}
INFO [acme.framework.utilities.DatabasePopulator] > Persisting anonymousAnonymous = acme.framework.entities.Anonymous{id=2, version=0}
INFO [acme.framework.utilities.DatabasePopulator] > Persisting administratorUserAccount = acme.framework.entities.UserAccount{id=3, version=0}
INFO [acme.framework.utilities.DatabasePopulator] > Persisting administratorAdministrator = acme.framework.entities.Administrator{id=4, version=0}
INFO [acme.framework.utilities.DatabasePopulator] > Persisting administratorAuthenticated = acme.framework.entities.Authenticated{id=5, version=0}
INFO [acme.framework.utilities.DatabasePopulator] > Persisting spam1 = acme.entities.spam.Spam{id=6, version=0}
INFO [acme.framework.utilities.DatabasePopulator] > Persisting word1 = acme.entities.words.Word{id=7, version=0}
INFO [acme.framework.utilities.DatabasePopulator] > Persisting word2 = acme.entities.words.Word{id=8, version=0}
INFO [acme.framework.utilities.DatabasePopulator] > Persisting word3 = acme.entities.words.Word{id=9, version=0}
INFO [acme.framework.utilities.DatabasePopulator] > Persisting word4 = acme.entities.words.Word{id=10, version=0}
INFO [acme.framework.utilities.DatabasePopulator] > Persisting word5 = acme.entities.words.Word{id=11, version=0}
INFO [acme.framework.utilities.DatabasePopulator] > Persisting word6 = acme.entities.words.Word{id=12, version=0}
INFO [acme.framework.utilities.DatabasePopulator] > Persisting word7 = acme.entities.words.Word{id=13, version=0}
INFO [acme.framework.utilities.DatabasePopulator] > Persisting word8 = acme.entities.words.Word{id=14, version=0}
INFO [acme.framework.utilities.DatabasePopulator] > Persisting word9 = acme.entities.words.Word{id=15, version=0}
INFO [acme.framework.utilities.DatabasePopulator] > Persisting word10 = acme.entities.words.Word{id=16, version=0}
INFO [acme.framework.utilities.DatabasePopulator] > Persisting word11 = acme.entities.words.Word{id=17, version=0}
INFO [acme.framework.utilities.DatabasePopulator] > Persisting word12 = acme.entities.words.Word{id=18, version=0}
INFO [acme.framework.configuration.ShutdownConfiguration] The system is shutting down...
INFO [acme.Launcher] Starting Launcher using Java 1.8.0_281 on jvega-PC with PID 16356 (C:\Users\jvega\Workspace-21.1\Projects\Acme-Planner\target\classes started by jvega in C:\Users\jvega\Workspace-21.1\Projects\Acme-Planner)
INFO [acme.Launcher] The following profiles are active: development,populator
INFO [acme.Launcher] Started Launcher in 9.219 seconds (JVM running for 9.991)
INFO [acme.framework.utilities.DatabasePopulator] Populating sample data
INFO [acme.framework.utilities.DatabasePopulator] Recreating schema
INFO [acme.framework.utilities.DatabasePopulator] Populating entities from classpath:/WEB-INF/population/initial-data.xml
INFO [acme.framework.utilities.DatabasePopulator] Validating your entities.
INFO [acme.framework.utilities.DatabasePopulator] Validating anonymousUserAccount ... PASS
INFO [acme.framework.utilities.DatabasePopulator] Validating anonymousAnonymous ... PASS
INFO [acme.framework.utilities.DatabasePopulator] Validating administratorUserAccount ... PASS
INFO [acme.framework.utilities.DatabasePopulator] Validating administratorAdministrator ... PASS
INFO [acme.framework.utilities.DatabasePopulator] Validating administratorAuthenticated ... PASS
INFO [acme.framework.utilities.DatabasePopulator] Validating spam1 ... PASS
INFO [acme.framework.utilities.DatabasePopulator] Validating word1 ... PASS
INFO [acme.framework.utilities.DatabasePopulator] Validating word2 ... PASS
INFO [acme.framework.utilities.DatabasePopulator] Validating word3 ... PASS
INFO [acme.framework.utilities.DatabasePopulator] Validating word4 ... PASS
INFO [acme.framework.utilities.DatabasePopulator] Validating word5 ... PASS
INFO [acme.framework.utilities.DatabasePopulator] Validating word6 ... PASS
INFO [acme.framework.utilities.DatabasePopulator] Validating word7 ... PASS
INFO [acme.framework.utilities.DatabasePopulator] Validating word8 ... PASS
INFO [acme.framework.utilities.DatabasePopulator] Validating word9 ... PASS
INFO [acme.framework.utilities.DatabasePopulator] Validating word10 ... PASS
INFO [acme.framework.utilities.DatabasePopulator] Validating word11 ... PASS
INFO [acme.framework.utilities.DatabasePopulator] Validating word12 ... PASS
INFO [acme.framework.utilities.DatabasePopulator] Sorting your entities topologically.
INFO [acme.framework.utilities.DatabasePopulator] > Setting index 0 for anonymousUserAccount.
INFO [acme.framework.utilities.DatabasePopulator] > Setting index 1 for anonymousAnonymous.
INFO [acme.framework.utilities.DatabasePopulator] > Setting index 2 for administratorUserAccount.
INFO [acme.framework.utilities.DatabasePopulator] > Setting index 3 for administratorAdministrator.
INFO [acme.framework.utilities.DatabasePopulator] > Setting index 4 for administratorAuthenticated.
INFO [acme.framework.utilities.DatabasePopulator] > Setting index 5 for spam1.
INFO [acme.framework.utilities.DatabasePopulator] > Setting index 6 for word1.
INFO [acme.framework.utilities.DatabasePopulator] > Setting index 7 for word2.
INFO [acme.framework.utilities.DatabasePopulator] > Setting index 8 for word3.
INFO [acme.framework.utilities.DatabasePopulator] > Setting index 9 for word4.
INFO [acme.framework.utilities.DatabasePopulator] > Setting index 10 for word5.
INFO [acme.framework.utilities.DatabasePopulator] > Setting index 11 for word6.
INFO [acme.framework.utilities.DatabasePopulator] > Setting index 12 for word7.
INFO [acme.framework.utilities.DatabasePopulator] > Setting index 13 for word8.
INFO [acme.framework.utilities.DatabasePopulator] > Setting index 14 for word9.
INFO [acme.framework.utilities.DatabasePopulator] > Setting index 15 for word10.
INFO [acme.framework.utilities.DatabasePopulator] > Setting index 16 for word11.
INFO [acme.framework.utilities.DatabasePopulator] > Setting index 17 for word12.
INFO [acme.framework.utilities.DatabasePopulator] Persiting your entities.
INFO [acme.framework.utilities.DatabasePopulator] > Persisting anonymousUserAccount = acme.framework.entities.UserAccount{id=1, version=0}
INFO [acme.framework.utilities.DatabasePopulator] > Persisting anonymousAnonymous = acme.framework.entities.Anonymous{id=2, version=0}
INFO [acme.framework.utilities.DatabasePopulator] > Persisting administratorUserAccount = acme.framework.entities.UserAccount{id=3, version=0}
INFO [acme.framework.utilities.DatabasePopulator] > Persisting administratorAdministrator = acme.framework.entities.Administrator{id=4, version=0}
INFO [acme.framework.utilities.DatabasePopulator] > Persisting administratorAuthenticated = acme.framework.entities.Authenticated{id=5, version=0}
INFO [acme.framework.utilities.DatabasePopulator] > Persisting spam1 = acme.entities.spam.Spam{id=6, version=0}
INFO [acme.framework.utilities.DatabasePopulator] > Persisting word1 = acme.entities.words.Word{id=7, version=0}
INFO [acme.framework.utilities.DatabasePopulator] > Persisting word2 = acme.entities.words.Word{id=8, version=0}
INFO [acme.framework.utilities.DatabasePopulator] > Persisting word3 = acme.entities.words.Word{id=9, version=0}
INFO [acme.framework.utilities.DatabasePopulator] > Persisting word4 = acme.entities.words.Word{id=10, version=0}
INFO [acme.framework.utilities.DatabasePopulator] > Persisting word5 = acme.entities.words.Word{id=11, version=0}
INFO [acme.framework.utilities.DatabasePopulator] > Persisting word6 = acme.entities.words.Word{id=12, version=0}
INFO [acme.framework.utilities.DatabasePopulator] > Persisting word7 = acme.entities.words.Word{id=13, version=0}
INFO [acme.framework.utilities.DatabasePopulator] > Persisting word8 = acme.entities.words.Word{id=14, version=0}
INFO [acme.framework.utilities.DatabasePopulator] > Persisting word9 = acme.entities.words.Word{id=15, version=0}
INFO [acme.framework.utilities.DatabasePopulator] > Persisting word10 = acme.entities.words.Word{id=16, version=0}
INFO [acme.framework.utilities.DatabasePopulator] > Persisting word11 = acme.entities.words.Word{id=17, version=0}
INFO [acme.framework.utilities.DatabasePopulator] > Persisting word12 = acme.entities.words.Word{id=18, version=0}
INFO [acme.framework.utilities.DatabasePopulator] Populating entities from classpath:/WEB-INF/population/sample-data.xml
INFO [acme.framework.utilities.DatabasePopulator] Validating your entities.
INFO [acme.framework.utilities.DatabasePopulator] Validating task01 ... PASS
INFO [acme.framework.utilities.DatabasePopulator] Validating task02 ... PASS
INFO [acme.framework.utilities.DatabasePopulator] Validating workplan01 ... PASS
INFO [acme.framework.utilities.DatabasePopulator] Validating workplan02 ... PASS
INFO [acme.framework.utilities.DatabasePopulator] Validating workplan03 ... PASS
INFO [acme.framework.utilities.DatabasePopulator] Validating task03 ... PASS
INFO [acme.framework.utilities.DatabasePopulator] Validating task04 ... PASS
INFO [acme.framework.utilities.DatabasePopulator] Validating task05 ... PASS
INFO [acme.framework.utilities.DatabasePopulator] Validating task06 ... PASS
INFO [acme.framework.utilities.DatabasePopulator] Validating task07 ... PASS
INFO [acme.framework.utilities.DatabasePopulator] Validating task08 ... PASS
INFO [acme.framework.utilities.DatabasePopulator] Sorting your entities topologically.
INFO [acme.framework.utilities.DatabasePopulator] > Setting index 0 for task01.
INFO [acme.framework.utilities.DatabasePopulator] > Setting index 1 for task02.
INFO [acme.framework.utilities.DatabasePopulator] > Setting index 2 for workplan01.
INFO [acme.framework.utilities.DatabasePopulator] > Setting index 3 for workplan02.
INFO [acme.framework.utilities.DatabasePopulator] > Setting index 4 for workplan03.
INFO [acme.framework.utilities.DatabasePopulator] > Setting index 5 for task03.
INFO [acme.framework.utilities.DatabasePopulator] > Setting index 6 for task04.
INFO [acme.framework.utilities.DatabasePopulator] > Setting index 7 for task05.
INFO [acme.framework.utilities.DatabasePopulator] > Setting index 8 for task06.
INFO [acme.framework.utilities.DatabasePopulator] > Setting index 9 for task07.
INFO [acme.framework.utilities.DatabasePopulator] > Setting index 10 for task08.
INFO [acme.framework.utilities.DatabasePopulator] Persiting your entities.
INFO [acme.framework.utilities.DatabasePopulator] > Persisting task01 = acme.entities.tasks.Task{id=19, version=0}
INFO [acme.framework.utilities.DatabasePopulator] > Persisting task02 = acme.entities.tasks.Task{id=20, version=0}
INFO [acme.framework.utilities.DatabasePopulator] > Persisting workplan01 = acme.entities.workplans.Workplan{id=21, version=0}
INFO [acme.framework.utilities.DatabasePopulator] > Persisting workplan02 = acme.entities.workplans.Workplan{id=22, version=0}
INFO [acme.framework.utilities.DatabasePopulator] > Persisting workplan03 = acme.entities.workplans.Workplan{id=23, version=0}
INFO [acme.framework.utilities.DatabasePopulator] > Persisting task03 = acme.entities.tasks.Task{id=24, version=0}
INFO [acme.framework.utilities.DatabasePopulator] > Persisting task04 = acme.entities.tasks.Task{id=25, version=0}
INFO [acme.framework.utilities.DatabasePopulator] > Persisting task05 = acme.entities.tasks.Task{id=26, version=0}
INFO [acme.framework.utilities.DatabasePopulator] > Persisting task06 = acme.entities.tasks.Task{id=27, version=0}
INFO [acme.framework.utilities.DatabasePopulator] > Persisting task07 = acme.entities.tasks.Task{id=28, version=0}
INFO [acme.framework.utilities.DatabasePopulator] > Persisting task08 = acme.entities.tasks.Task{id=29, version=0}
INFO [acme.framework.configuration.ShutdownConfiguration] The system is shutting down...
INFO [acme.Launcher] Starting Launcher using Java 1.8.0_281 on LAPTOP-MDRFFE8N with PID 2132 (C:\Users\Vicente\Workspace-21.1\Projects\Acme-Planner\target\classes started by Vicente in C:\Users\Vicente\Workspace-21.1\Projects\Acme-Planner)
INFO [acme.Launcher] The following profiles are active: development,populator
INFO [acme.Launcher] Started Launcher in 8.393 seconds (JVM running for 9.164)
INFO [acme.framework.utilities.DatabasePopulator] Populating initial data
INFO [acme.framework.utilities.DatabasePopulator] Recreating schema
INFO [acme.framework.utilities.DatabasePopulator] Populating entities from classpath:/WEB-INF/population/initial-data.xml
INFO [acme.framework.utilities.DatabasePopulator] Validating your entities.
INFO [acme.framework.utilities.DatabasePopulator] Validating anonymousUserAccount ... PASS
INFO [acme.framework.utilities.DatabasePopulator] Validating anonymousAnonymous ... PASS
INFO [acme.framework.utilities.DatabasePopulator] Validating administratorUserAccount ... PASS
INFO [acme.framework.utilities.DatabasePopulator] Validating administratorAdministrator ... PASS
INFO [acme.framework.utilities.DatabasePopulator] Validating administratorAuthenticated ... PASS
INFO [acme.framework.utilities.DatabasePopulator] Validating spam1 ... PASS
INFO [acme.framework.utilities.DatabasePopulator] Validating word1 ... PASS
INFO [acme.framework.utilities.DatabasePopulator] Validating word2 ... PASS
INFO [acme.framework.utilities.DatabasePopulator] Validating word3 ... PASS
INFO [acme.framework.utilities.DatabasePopulator] Validating word4 ... PASS
INFO [acme.framework.utilities.DatabasePopulator] Validating word5 ... PASS
INFO [acme.framework.utilities.DatabasePopulator] Validating word6 ... PASS
INFO [acme.framework.utilities.DatabasePopulator] Validating word7 ... PASS
INFO [acme.framework.utilities.DatabasePopulator] Validating word8 ... PASS
INFO [acme.framework.utilities.DatabasePopulator] Validating word9 ... PASS
INFO [acme.framework.utilities.DatabasePopulator] Validating word10 ... PASS
INFO [acme.framework.utilities.DatabasePopulator] Validating word11 ... PASS
INFO [acme.framework.utilities.DatabasePopulator] Validating word12 ... PASS
INFO [acme.framework.utilities.DatabasePopulator] Sorting your entities topologically.
INFO [acme.framework.utilities.DatabasePopulator] > Setting index 0 for anonymousUserAccount.
INFO [acme.framework.utilities.DatabasePopulator] > Setting index 1 for anonymousAnonymous.
INFO [acme.framework.utilities.DatabasePopulator] > Setting index 2 for administratorUserAccount.
INFO [acme.framework.utilities.DatabasePopulator] > Setting index 3 for administratorAdministrator.
INFO [acme.framework.utilities.DatabasePopulator] > Setting index 4 for administratorAuthenticated.
INFO [acme.framework.utilities.DatabasePopulator] > Setting index 5 for spam1.
INFO [acme.framework.utilities.DatabasePopulator] > Setting index 6 for word1.
INFO [acme.framework.utilities.DatabasePopulator] > Setting index 7 for word2.
INFO [acme.framework.utilities.DatabasePopulator] > Setting index 8 for word3.
INFO [acme.framework.utilities.DatabasePopulator] > Setting index 9 for word4.
INFO [acme.framework.utilities.DatabasePopulator] > Setting index 10 for word5.
INFO [acme.framework.utilities.DatabasePopulator] > Setting index 11 for word6.
INFO [acme.framework.utilities.DatabasePopulator] > Setting index 12 for word7.
INFO [acme.framework.utilities.DatabasePopulator] > Setting index 13 for word8.
INFO [acme.framework.utilities.DatabasePopulator] > Setting index 14 for word9.
INFO [acme.framework.utilities.DatabasePopulator] > Setting index 15 for word10.
INFO [acme.framework.utilities.DatabasePopulator] > Setting index 16 for word11.
INFO [acme.framework.utilities.DatabasePopulator] > Setting index 17 for word12.
INFO [acme.framework.utilities.DatabasePopulator] Persiting your entities.
INFO [acme.framework.utilities.DatabasePopulator] > Persisting anonymousUserAccount = acme.framework.entities.UserAccount{id=1, version=0}
INFO [acme.framework.utilities.DatabasePopulator] > Persisting anonymousAnonymous = acme.framework.entities.Anonymous{id=2, version=0}
INFO [acme.framework.utilities.DatabasePopulator] > Persisting administratorUserAccount = acme.framework.entities.UserAccount{id=3, version=0}
INFO [acme.framework.utilities.DatabasePopulator] > Persisting administratorAdministrator = acme.framework.entities.Administrator{id=4, version=0}
INFO [acme.framework.utilities.DatabasePopulator] > Persisting administratorAuthenticated = acme.framework.entities.Authenticated{id=5, version=0}
INFO [acme.framework.utilities.DatabasePopulator] > Persisting spam1 = acme.entities.spam.Spam{id=6, version=0}
INFO [acme.framework.utilities.DatabasePopulator] > Persisting word1 = acme.entities.words.Word{id=7, version=0}
INFO [acme.framework.utilities.DatabasePopulator] > Persisting word2 = acme.entities.words.Word{id=8, version=0}
INFO [acme.framework.utilities.DatabasePopulator] > Persisting word3 = acme.entities.words.Word{id=9, version=0}
INFO [acme.framework.utilities.DatabasePopulator] > Persisting word4 = acme.entities.words.Word{id=10, version=0}
INFO [acme.framework.utilities.DatabasePopulator] > Persisting word5 = acme.entities.words.Word{id=11, version=0}
INFO [acme.framework.utilities.DatabasePopulator] > Persisting word6 = acme.entities.words.Word{id=12, version=0}
INFO [acme.framework.utilities.DatabasePopulator] > Persisting word7 = acme.entities.words.Word{id=13, version=0}
INFO [acme.framework.utilities.DatabasePopulator] > Persisting word8 = acme.entities.words.Word{id=14, version=0}
INFO [acme.framework.utilities.DatabasePopulator] > Persisting word9 = acme.entities.words.Word{id=15, version=0}
INFO [acme.framework.utilities.DatabasePopulator] > Persisting word10 = acme.entities.words.Word{id=16, version=0}
INFO [acme.framework.utilities.DatabasePopulator] > Persisting word11 = acme.entities.words.Word{id=17, version=0}
INFO [acme.framework.utilities.DatabasePopulator] > Persisting word12 = acme.entities.words.Word{id=18, version=0}
INFO [acme.framework.configuration.ShutdownConfiguration] The system is shutting down...
ERROR [org.apache.jsp.WEB_002dINF.views.framework.panic_jsp] HTTP POST /Acme-Planner/WEB-INF/views/framework/page.jsp HTTP/1.1
ERROR [org.apache.jsp.WEB_002dINF.views.framework.panic_jsp] Status: 500
ERROR [org.apache.jsp.WEB_002dINF.views.framework.panic_jsp] Exception: java.lang.NullPointerException
ERROR [org.apache.jsp.WEB_002dINF.views.framework.panic_jsp] HTTP POST /Acme-Planner/WEB-INF/views/framework/page.jsp HTTP/1.1
ERROR [org.apache.jsp.WEB_002dINF.views.framework.panic_jsp] Status: 500
ERROR [org.apache.jsp.WEB_002dINF.views.framework.panic_jsp] Exception: org.junit.jupiter.api.AssertionUtils.fail(AssertionUtils.java:55): expected: <false> but was: <true>
ERROR [org.apache.jsp.WEB_002dINF.views.framework.panic_jsp] HTTP POST /Acme-Planner/WEB-INF/views/framework/page.jsp HTTP/1.1
ERROR [org.apache.jsp.WEB_002dINF.views.framework.panic_jsp] Status: 500
ERROR [org.apache.jsp.WEB_002dINF.views.framework.panic_jsp] Exception: java.lang.AssertionError
ERROR [org.apache.jsp.WEB_002dINF.views.framework.panic_jsp] HTTP POST /Acme-Planner/WEB-INF/views/framework/page.jsp HTTP/1.1
ERROR [org.apache.jsp.WEB_002dINF.views.framework.panic_jsp] Status: 500
ERROR [org.apache.jsp.WEB_002dINF.views.framework.panic_jsp] Exception: java.lang.AssertionError
ERROR [org.apache.jsp.WEB_002dINF.views.framework.panic_jsp] HTTP POST /Acme-Planner/WEB-INF/views/framework/page.jsp HTTP/1.1
ERROR [org.apache.jsp.WEB_002dINF.views.framework.panic_jsp] Status: 500
ERROR [org.apache.jsp.WEB_002dINF.views.framework.panic_jsp] Exception: java.lang.AssertionError
